<?xml version="1.0" encoding="UTF-8"?>
<!-- Generated by org.testng.reporters.JUnitXMLReporter -->
<testsuite hostname="Dell" name="Test" tests="4" failures="1" timestamp="5 Feb 2017 18:40:57 GMT" time="70.266" errors="0">
  <testcase name="login" time="2.24" classname="testcases.TC001_Login">
    <failure type="java.lang.RuntimeException" message="FAILED">
      <![CDATA[java.lang.RuntimeException: FAILED
	at utils.Reporter.reportStep(Reporter.java:33)
	at utils.Reporter.reportStep(Reporter.java:43)
	at wrappers.GenericWrappers.verifyTextContainsByXpath(GenericWrappers.java:242)
	at pages.HomePage.verifyLoggedName(HomePage.java:21)
	at testcases.TC001_Login.login(TC001_Login.java:27)
	at java.util.concurrent.ThreadPoolExecutor.runWorker(Unknown Source)
	at java.util.concurrent.ThreadPoolExecutor$Worker.run(Unknown Source)
	at java.lang.Thread.run(Unknown Source)
... Removed 10 stack frames]]>
    </failure>
  </testcase> <!-- login -->
  <testcase name="login" time="13.412" classname="testcases.TC001_CreateLead"/>
  <testcase name="login" time="4.277" classname="testcases.TC001_Login"/>
  <testcase name="login" time="12.241" classname="testcases.TC001_CreateLead"/>
</testsuite> <!-- Test -->
